<?xml version="1.0" encoding="UTF-8"?>
<testsuite xmlns:xsi="http://www.w3.org/2001/XMLSchema-instance" xsi:noNamespaceSchemaLocation="https://maven.apache.org/surefire/maven-surefire-plugin/xsd/surefire-test-report-3.0.xsd" version="3.0" name="com.postgresql.DatabaseConcurrencyTest" time="0.116" tests="1" errors="0" skipped="0" failures="0">
  <properties>
[...]
</properties>
  <testcase name="testConcurrentReadAndWrite" classname="com.postgresql.DatabaseConcurrencyTest" time="0.112">
    <system-out><![CDATA[✅ Row inserted into 'test_users'
]]></system-out>
    <system-err><![CDATA[java.io.StreamCorruptedException: unexpected EOF while reading block data header
	at java.base/java.io.ObjectInputStream$BlockDataInputStream.readBlockHeader(ObjectInputStream.java:3132)
	at java.base/java.io.ObjectInputStream$BlockDataInputStream.refill(ObjectInputStream.java:3159)
	at java.base/java.io.ObjectInputStream$BlockDataInputStream.read(ObjectInputStream.java:3231)
	at java.base/java.io.DataInputStream.readInt(DataInputStream.java:381)
	at java.base/java.io.ObjectInputStream$BlockDataInputStream.readInt(ObjectInputStream.java:3436)
	at java.base/java.io.ObjectInputStream.readInt(ObjectInputStream.java:1128)
	at java.base/java.util.HashMap.readObject(HashMap.java:1523)
	at java.base/jdk.internal.reflect.NativeMethodAccessorImpl.invoke0(Native Method)
	at java.base/jdk.internal.reflect.NativeMethodAccessorImpl.invoke(NativeMethodAccessorImpl.java:77)
	at java.base/jdk.internal.reflect.DelegatingMethodAccessorImpl.invoke(DelegatingMethodAccessorImpl.java:43)
	at java.base/java.lang.reflect.Method.invoke(Method.java:569)
	at java.base/java.io.ObjectStreamClass.invokeReadObject(ObjectStreamClass.java:1100)
	at java.base/java.io.ObjectInputStream.readSerialData(ObjectInputStream.java:2423)
	at java.base/java.io.ObjectInputStream.readOrdinaryObject(ObjectInputStream.java:2257)
	at java.base/java.io.ObjectInputStream.readObject0(ObjectInputStream.java:1733)
	at java.base/java.io.ObjectInputStream$FieldValues.<init>(ObjectInputStream.java:2606)
	at java.base/java.io.ObjectInputStream.readSerialData(ObjectInputStream.java:2457)
	at java.base/java.io.ObjectInputStream.readOrdinaryObject(ObjectInputStream.java:2257)
	at java.base/java.io.ObjectInputStream.readObject0(ObjectInputStream.java:1733)
	at java.base/java.io.ObjectInputStream$FieldValues.<init>(ObjectInputStream.java:2606)
	at java.base/java.io.ObjectInputStream.readSerialData(ObjectInputStream.java:2457)
	at java.base/java.io.ObjectInputStream.readOrdinaryObject(ObjectInputStream.java:2257)
	at java.base/java.io.ObjectInputStream.readObject0(ObjectInputStream.java:1733)
	at java.base/java.io.ObjectInputStream.readObject(ObjectInputStream.java:509)
	at java.base/java.io.ObjectInputStream.readObject(ObjectInputStream.java:467)
	at com.postgresql.storage.TableSerializer.readFromDisk(TableSerializer.java:31)
	at com.postgresql.command.SelectCommand.execute(SelectCommand.java:54)
	at com.postgresql.DatabaseConcurrencyTest.lambda$testConcurrentReadAndWrite$0(DatabaseConcurrencyTest.java:59)
	at java.base/java.util.concurrent.Executors$RunnableAdapter.call(Executors.java:539)
	at java.base/java.util.concurrent.FutureTask.run(FutureTask.java:264)
	at java.base/java.util.concurrent.ThreadPoolExecutor.runWorker(ThreadPoolExecutor.java:1136)
	at java.base/java.util.concurrent.ThreadPoolExecutor$Worker.run(ThreadPoolExecutor.java:635)
	at java.base/java.lang.Thread.run(Thread.java:840)
java.io.StreamCorruptedException: unexpected EOF while reading block data header
	at java.base/java.io.ObjectInputStream$BlockDataInputStream.readBlockHeader(ObjectInputStream.java:3132)
	at java.base/java.io.ObjectInputStream$BlockDataInputStream.refill(ObjectInputStream.java:3159)
	at java.base/java.io.ObjectInputStream$BlockDataInputStream.read(ObjectInputStream.java:3231)
	at java.base/java.io.DataInputStream.readInt(DataInputStream.java:381)
	at java.base/java.io.ObjectInputStream$BlockDataInputStream.readInt(ObjectInputStream.java:3436)
	at java.base/java.io.ObjectInputStream.readInt(ObjectInputStream.java:1128)
	at java.base/java.util.HashMap.readObject(HashMap.java:1523)
	at java.base/jdk.internal.reflect.NativeMethodAccessorImpl.invoke0(Native Method)
	at java.base/jdk.internal.reflect.NativeMethodAccessorImpl.invoke(NativeMethodAccessorImpl.java:77)
	at java.base/jdk.internal.reflect.DelegatingMethodAccessorImpl.invoke(DelegatingMethodAccessorImpl.java:43)
	at java.base/java.lang.reflect.Method.invoke(Method.java:569)
	at java.base/java.io.ObjectStreamClass.invokeReadObject(ObjectStreamClass.java:1100)
	at java.base/java.io.ObjectInputStream.readSerialData(ObjectInputStream.java:2423)
	at java.base/java.io.ObjectInputStream.readOrdinaryObject(ObjectInputStream.java:2257)
	at java.base/java.io.ObjectInputStream.readObject0(ObjectInputStream.java:1733)
	at java.base/java.io.ObjectInputStream$FieldValues.<init>(ObjectInputStream.java:2606)
	at java.base/java.io.ObjectInputStream.readSerialData(ObjectInputStream.java:2457)
	at java.base/java.io.ObjectInputStream.readOrdinaryObject(ObjectInputStream.java:2257)
	at java.base/java.io.ObjectInputStream.readObject0(ObjectInputStream.java:1733)
	at java.base/java.io.ObjectInputStream$FieldValues.<init>(ObjectInputStream.java:2606)
	at java.base/java.io.ObjectInputStream.readSerialData(ObjectInputStream.java:2457)
	at java.base/java.io.ObjectInputStream.readOrdinaryObject(ObjectInputStream.java:2257)
	at java.base/java.io.ObjectInputStream.readObject0(ObjectInputStream.java:1733)
	at java.base/java.io.ObjectInputStream.readObject(ObjectInputStream.java:509)
	at java.base/java.io.ObjectInputStream.readObject(ObjectInputStream.java:467)
	at com.postgresql.storage.TableSerializer.readFromDisk(TableSerializer.java:31)
	at com.postgresql.command.SelectCommand.execute(SelectCommand.java:54)
	at com.postgresql.DatabaseConcurrencyTest.lambda$testConcurrentReadAndWrite$0(DatabaseConcurrencyTest.java:59)
	at java.base/java.util.concurrent.Executors$RunnableAdapter.call(Executors.java:539)
	at java.base/java.util.concurrent.FutureTask.run(FutureTask.java:264)
	at java.base/java.util.concurrent.ThreadPoolExecutor.runWorker(ThreadPoolExecutor.java:1136)
	at java.base/java.util.concurrent.ThreadPoolExecutor$Worker.run(ThreadPoolExecutor.java:635)
	at java.base/java.lang.Thread.run(Thread.java:840)
]]></system-err>
  </testcase>
</testsuite>